<?xml version="1.0" encoding="UTF-8"?>
<testng-results ignored="0" total="7" passed="6" failed="1" skipped="0">
  <reporter-output>
  </reporter-output>
  <suite started-at="2024-09-26T16:32:16 IST" name="Suite" finished-at="2024-09-26T16:33:18 IST" duration-ms="62443">
    <groups>
      <group name="DataProvider">
        <method signature="TC_LoginPageTest.verifyNotLoginWithWrongCredentials(java.lang.String,java.lang.String,java.lang.String)[pri:0, instance:testCases.TC_LoginPageTest@4763c727]" name="verifyNotLoginWithWrongCredentials" class="testCases.TC_LoginPageTest"/>
      </group> <!-- DataProvider -->
      <group name="Regression">
        <method signature="TC_LoginPageTest.forgotPasswordLink()[pri:0, instance:testCases.TC_LoginPageTest@4763c727]" name="forgotPasswordLink" class="testCases.TC_LoginPageTest"/>
        <method signature="TC_LoginPageTest.verifyNotLoginWithWrongCredentials(java.lang.String,java.lang.String,java.lang.String)[pri:0, instance:testCases.TC_LoginPageTest@4763c727]" name="verifyNotLoginWithWrongCredentials" class="testCases.TC_LoginPageTest"/>
        <method signature="TC_LoginPageTest.verifyingLoginWithValidCredential()[pri:0, instance:testCases.TC_LoginPageTest@4763c727]" name="verifyingLoginWithValidCredential" class="testCases.TC_LoginPageTest"/>
      </group> <!-- Regression -->
      <group name="Login">
        <method signature="TC_LoginPageTest.verifyingLoginWithValidCredential()[pri:0, instance:testCases.TC_LoginPageTest@4763c727]" name="verifyingLoginWithValidCredential" class="testCases.TC_LoginPageTest"/>
      </group> <!-- Login -->
      <group name="Smoke">
        <method signature="TC_DashboardTest.verifyingDashboardSectionList()[pri:0, instance:testCases.TC_DashboardTest@4275c20c]" name="verifyingDashboardSectionList" class="testCases.TC_DashboardTest"/>
        <method signature="TC_DashboardTest.verifyingLeftMenuList()[pri:0, instance:testCases.TC_DashboardTest@4275c20c]" name="verifyingLeftMenuList" class="testCases.TC_DashboardTest"/>
        <method signature="TC_LoginPageTest.verifyingLoginWithValidCredential()[pri:0, instance:testCases.TC_LoginPageTest@4763c727]" name="verifyingLoginWithValidCredential" class="testCases.TC_LoginPageTest"/>
      </group> <!-- Smoke -->
    </groups>
    <test started-at="2024-09-26T16:32:16 IST" name="Test" finished-at="2024-09-26T16:33:18 IST" duration-ms="62443">
      <class name="testCases.TC_LoginPageTest">
        <test-method is-config="true" signature="setUpBrowser(java.lang.String)[pri:0, instance:testCases.TC_LoginPageTest@4763c727]" started-at="2024-09-26T16:32:16 IST" name="setUpBrowser" finished-at="2024-09-26T16:32:22 IST" duration-ms="5941" status="PASS">
          <params>
            <param index="0">
              <value>
                <![CDATA[chrome]]>
              </value>
            </param>
          </params>
          <reporter-output>
          </reporter-output>
        </test-method> <!-- setUpBrowser -->
        <test-method signature="forgotPasswordLink()[pri:0, instance:testCases.TC_LoginPageTest@4763c727]" started-at="2024-09-26T16:32:22 IST" name="forgotPasswordLink" finished-at="2024-09-26T16:32:24 IST" duration-ms="2252" status="PASS">
          <reporter-output>
          </reporter-output>
        </test-method> <!-- forgotPasswordLink -->
        <test-method is-config="true" signature="tearDown()[pri:0, instance:testCases.TC_LoginPageTest@4763c727]" started-at="2024-09-26T16:32:24 IST" name="tearDown" finished-at="2024-09-26T16:32:25 IST" duration-ms="225" status="PASS">
          <reporter-output>
          </reporter-output>
        </test-method> <!-- tearDown -->
        <test-method is-config="true" signature="setUpBrowser(java.lang.String)[pri:0, instance:testCases.TC_LoginPageTest@4763c727]" started-at="2024-09-26T16:32:26 IST" name="setUpBrowser" finished-at="2024-09-26T16:32:30 IST" duration-ms="4130" status="PASS">
          <params>
            <param index="0">
              <value>
                <![CDATA[chrome]]>
              </value>
            </param>
          </params>
          <reporter-output>
          </reporter-output>
        </test-method> <!-- setUpBrowser -->
        <test-method signature="verifyNotLoginWithWrongCredentials(java.lang.String,java.lang.String,java.lang.String)[pri:0, instance:testCases.TC_LoginPageTest@4763c727]" started-at="2024-09-26T16:32:30 IST" name="verifyNotLoginWithWrongCredentials" data-provider="LoginData" finished-at="2024-09-26T16:32:32 IST" duration-ms="1861" status="PASS">
          <params>
            <param index="0">
              <value>
                <![CDATA[Admin]]>
              </value>
            </param>
            <param index="1">
              <value>
                <![CDATA[admin12]]>
              </value>
            </param>
            <param index="2">
              <value>
                <![CDATA[Invalid credentials]]>
              </value>
            </param>
          </params>
          <reporter-output>
          </reporter-output>
        </test-method> <!-- verifyNotLoginWithWrongCredentials -->
        <test-method is-config="true" signature="tearDown()[pri:0, instance:testCases.TC_LoginPageTest@4763c727]" started-at="2024-09-26T16:32:32 IST" name="tearDown" finished-at="2024-09-26T16:32:32 IST" duration-ms="217" status="PASS">
          <reporter-output>
          </reporter-output>
        </test-method> <!-- tearDown -->
        <test-method is-config="true" signature="setUpBrowser(java.lang.String)[pri:0, instance:testCases.TC_LoginPageTest@4763c727]" started-at="2024-09-26T16:32:32 IST" name="setUpBrowser" finished-at="2024-09-26T16:32:36 IST" duration-ms="3901" status="PASS">
          <params>
            <param index="0">
              <value>
                <![CDATA[chrome]]>
              </value>
            </param>
          </params>
          <reporter-output>
          </reporter-output>
        </test-method> <!-- setUpBrowser -->
        <test-method signature="verifyNotLoginWithWrongCredentials(java.lang.String,java.lang.String,java.lang.String)[pri:0, instance:testCases.TC_LoginPageTest@4763c727]" started-at="2024-09-26T16:32:36 IST" name="verifyNotLoginWithWrongCredentials" data-provider="LoginData" finished-at="2024-09-26T16:32:38 IST" duration-ms="1462" status="PASS">
          <params>
            <param index="0">
              <value>
                <![CDATA[Admi]]>
              </value>
            </param>
            <param index="1">
              <value>
                <![CDATA[admin123]]>
              </value>
            </param>
            <param index="2">
              <value>
                <![CDATA[Invalid credentials]]>
              </value>
            </param>
          </params>
          <reporter-output>
          </reporter-output>
        </test-method> <!-- verifyNotLoginWithWrongCredentials -->
        <test-method is-config="true" signature="tearDown()[pri:0, instance:testCases.TC_LoginPageTest@4763c727]" started-at="2024-09-26T16:32:38 IST" name="tearDown" finished-at="2024-09-26T16:32:38 IST" duration-ms="231" status="PASS">
          <reporter-output>
          </reporter-output>
        </test-method> <!-- tearDown -->
        <test-method is-config="true" signature="setUpBrowser(java.lang.String)[pri:0, instance:testCases.TC_LoginPageTest@4763c727]" started-at="2024-09-26T16:32:38 IST" name="setUpBrowser" finished-at="2024-09-26T16:32:42 IST" duration-ms="4320" status="PASS">
          <params>
            <param index="0">
              <value>
                <![CDATA[chrome]]>
              </value>
            </param>
          </params>
          <reporter-output>
          </reporter-output>
        </test-method> <!-- setUpBrowser -->
        <test-method signature="verifyNotLoginWithWrongCredentials(java.lang.String,java.lang.String,java.lang.String)[pri:0, instance:testCases.TC_LoginPageTest@4763c727]" started-at="2024-09-26T16:32:42 IST" name="verifyNotLoginWithWrongCredentials" data-provider="LoginData" finished-at="2024-09-26T16:32:44 IST" duration-ms="1604" status="PASS">
          <params>
            <param index="0">
              <value>
                <![CDATA[admin123]]>
              </value>
            </param>
            <param index="1">
              <value>
                <![CDATA[Admin]]>
              </value>
            </param>
            <param index="2">
              <value>
                <![CDATA[Invalid credentials]]>
              </value>
            </param>
          </params>
          <reporter-output>
          </reporter-output>
        </test-method> <!-- verifyNotLoginWithWrongCredentials -->
        <test-method is-config="true" signature="tearDown()[pri:0, instance:testCases.TC_LoginPageTest@4763c727]" started-at="2024-09-26T16:32:44 IST" name="tearDown" finished-at="2024-09-26T16:32:44 IST" duration-ms="235" status="PASS">
          <reporter-output>
          </reporter-output>
        </test-method> <!-- tearDown -->
        <test-method is-config="true" signature="setUpBrowser(java.lang.String)[pri:0, instance:testCases.TC_LoginPageTest@4763c727]" started-at="2024-09-26T16:32:44 IST" name="setUpBrowser" finished-at="2024-09-26T16:32:48 IST" duration-ms="4218" status="PASS">
          <params>
            <param index="0">
              <value>
                <![CDATA[chrome]]>
              </value>
            </param>
          </params>
          <reporter-output>
          </reporter-output>
        </test-method> <!-- setUpBrowser -->
        <test-method signature="verifyingLoginWithValidCredential()[pri:0, instance:testCases.TC_LoginPageTest@4763c727]" started-at="2024-09-26T16:32:48 IST" name="verifyingLoginWithValidCredential" finished-at="2024-09-26T16:32:50 IST" duration-ms="1812" status="FAIL">
          <exception class="java.lang.AssertionError">
            <message>
              <![CDATA[expected [Dashboar] but found [Dashboard]]]>
            </message>
            <full-stacktrace>
              <![CDATA[java.lang.AssertionError: expected [Dashboar] but found [Dashboard]
at org.testng.Assert.fail(Assert.java:111)
at org.testng.Assert.failNotEquals(Assert.java:1578)
at org.testng.Assert.assertEqualsImpl(Assert.java:150)
at org.testng.Assert.assertEquals(Assert.java:132)
at org.testng.Assert.assertEquals(Assert.java:656)
at org.testng.Assert.assertEquals(Assert.java:666)
at testCases.TC_LoginPageTest.verifyingLoginWithValidCredential(TC_LoginPageTest.java:20)
at java.base/jdk.internal.reflect.DirectMethodHandleAccessor.invoke(DirectMethodHandleAccessor.java:103)
at java.base/java.lang.reflect.Method.invoke(Method.java:580)
at org.testng.internal.invokers.MethodInvocationHelper.invokeMethod(MethodInvocationHelper.java:141)
at org.testng.internal.invokers.TestInvoker.invokeMethod(TestInvoker.java:686)
at org.testng.internal.invokers.TestInvoker.invokeTestMethod(TestInvoker.java:230)
at org.testng.internal.invokers.MethodRunner.runInSequence(MethodRunner.java:63)
at org.testng.internal.invokers.TestInvoker$MethodInvocationAgent.invoke(TestInvoker.java:992)
at org.testng.internal.invokers.TestInvoker.invokeTestMethods(TestInvoker.java:203)
at org.testng.internal.invokers.TestMethodWorker.invokeTestMethods(TestMethodWorker.java:154)
at org.testng.internal.invokers.TestMethodWorker.run(TestMethodWorker.java:134)
at java.base/java.util.ArrayList.forEach(ArrayList.java:1597)
at org.testng.TestRunner.privateRun(TestRunner.java:739)
at org.testng.TestRunner.run(TestRunner.java:614)
at org.testng.SuiteRunner.runTest(SuiteRunner.java:421)
at org.testng.SuiteRunner.runSequentially(SuiteRunner.java:413)
at org.testng.SuiteRunner.privateRun(SuiteRunner.java:373)
at org.testng.SuiteRunner.run(SuiteRunner.java:312)
at org.testng.SuiteRunnerWorker.runSuite(SuiteRunnerWorker.java:52)
at org.testng.SuiteRunnerWorker.run(SuiteRunnerWorker.java:95)
at org.testng.TestNG.runSuitesSequentially(TestNG.java:1274)
at org.testng.TestNG.runSuitesLocally(TestNG.java:1208)
at org.testng.TestNG.runSuites(TestNG.java:1112)
at org.testng.TestNG.run(TestNG.java:1079)
at org.testng.remote.AbstractRemoteTestNG.run(AbstractRemoteTestNG.java:115)
at org.testng.remote.RemoteTestNG.initAndRun(RemoteTestNG.java:293)
at org.testng.remote.RemoteTestNG.main(RemoteTestNG.java:91)
]]>
            </full-stacktrace>
          </exception> <!-- java.lang.AssertionError -->
          <reporter-output>
          </reporter-output>
        </test-method> <!-- verifyingLoginWithValidCredential -->
        <test-method is-config="true" signature="tearDown()[pri:0, instance:testCases.TC_LoginPageTest@4763c727]" started-at="2024-09-26T16:32:50 IST" name="tearDown" finished-at="2024-09-26T16:32:50 IST" duration-ms="220" status="PASS">
          <reporter-output>
          </reporter-output>
        </test-method> <!-- tearDown -->
      </class> <!-- testCases.TC_LoginPageTest -->
      <class name="testCases.TC_DashboardTest">
        <test-method is-config="true" signature="setUpBrowser(java.lang.String)[pri:0, instance:testCases.TC_DashboardTest@4275c20c]" started-at="2024-09-26T16:32:50 IST" name="setUpBrowser" finished-at="2024-09-26T16:33:02 IST" duration-ms="11968" status="PASS">
          <params>
            <param index="0">
              <value>
                <![CDATA[chrome]]>
              </value>
            </param>
          </params>
          <reporter-output>
          </reporter-output>
        </test-method> <!-- setUpBrowser -->
        <test-method signature="verifyingDashboardSectionList()[pri:0, instance:testCases.TC_DashboardTest@4275c20c]" started-at="2024-09-26T16:33:02 IST" name="verifyingDashboardSectionList" finished-at="2024-09-26T16:33:04 IST" duration-ms="2033" status="PASS">
          <reporter-output>
          </reporter-output>
        </test-method> <!-- verifyingDashboardSectionList -->
        <test-method is-config="true" signature="tearDown()[pri:0, instance:testCases.TC_DashboardTest@4275c20c]" started-at="2024-09-26T16:33:04 IST" name="tearDown" finished-at="2024-09-26T16:33:05 IST" duration-ms="330" status="PASS">
          <reporter-output>
          </reporter-output>
        </test-method> <!-- tearDown -->
        <test-method is-config="true" signature="setUpBrowser(java.lang.String)[pri:0, instance:testCases.TC_DashboardTest@4275c20c]" started-at="2024-09-26T16:33:05 IST" name="setUpBrowser" finished-at="2024-09-26T16:33:16 IST" duration-ms="11179" status="PASS">
          <params>
            <param index="0">
              <value>
                <![CDATA[chrome]]>
              </value>
            </param>
          </params>
          <reporter-output>
          </reporter-output>
        </test-method> <!-- setUpBrowser -->
        <test-method signature="verifyingLeftMenuList()[pri:0, instance:testCases.TC_DashboardTest@4275c20c]" started-at="2024-09-26T16:33:16 IST" name="verifyingLeftMenuList" finished-at="2024-09-26T16:33:18 IST" duration-ms="2177" status="PASS">
          <reporter-output>
          </reporter-output>
        </test-method> <!-- verifyingLeftMenuList -->
        <test-method is-config="true" signature="tearDown()[pri:0, instance:testCases.TC_DashboardTest@4275c20c]" started-at="2024-09-26T16:33:18 IST" name="tearDown" finished-at="2024-09-26T16:33:18 IST" duration-ms="356" status="PASS">
          <reporter-output>
          </reporter-output>
        </test-method> <!-- tearDown -->
      </class> <!-- testCases.TC_DashboardTest -->
    </test> <!-- Test -->
  </suite> <!-- Suite -->
</testng-results>
